[debug] [2025-11-09T16:00:57.709Z] ----------------------------------------------------------------------
[debug] [2025-11-09T16:00:57.713Z] Command:       /opt/homebrew/Cellar/node/24.2.0/bin/node /opt/homebrew/bin/firebase init
[debug] [2025-11-09T16:00:57.714Z] CLI Version:   14.24.1
[debug] [2025-11-09T16:00:57.714Z] Platform:      darwin
[debug] [2025-11-09T16:00:57.714Z] Node Version:  v24.2.0
[debug] [2025-11-09T16:00:57.714Z] Time:          Mon Nov 10 2025 01:00:57 GMT+0900 (Korean Standard Time)
[debug] [2025-11-09T16:00:57.714Z] ----------------------------------------------------------------------
[debug] 
[info] 
     ######## #### ########  ######## ########     ###     ######  ########
     ##        ##  ##     ## ##       ##     ##  ##   ##  ##       ##
     ######    ##  ########  ######   ########  #########  ######  ######
     ##        ##  ##    ##  ##       ##     ## ##     ##       ## ##
     ##       #### ##     ## ######## ########  ##     ##  ######  ########

You're about to initialize a Firebase project in this directory:

  /Users/hnyoojin/Developer/Fresco-FrontEnd/fresco

[debug] [2025-11-09T16:02:13.020Z] ExitPromptError: User force closed the prompt with SIGINT
    at Interface.sigint (/opt/homebrew/lib/node_modules/firebase-tools/node_modules/@inquirer/core/dist/commonjs/lib/create-prompt.js:101:37)
    at Interface.emit (node:events:507:28)
    at Interface.emit (node:domain:489:12)
    at [_ttyWrite] [as _ttyWrite] (node:internal/readline/interface:1315:18)
    at ReadStream.onkeypress (node:internal/readline/interface:284:20)
    at ReadStream.emit (node:events:519:35)
    at ReadStream.emit (node:domain:489:12)
    at emitKeys (node:internal/readline/utils:371:14)
    at emitKeys.next (<anonymous>)
    at ReadStream.onData (node:internal/readline/emitKeypressEvents:64:36)
[error] 
[error] Error: An unexpected error has occurred.
